# JRE version: Java(TM) SE Runtime Environment (8.0_121-b13) (build 1.8.0_121-b13)
# Java VM: Java HotSpot(TM) Client VM (25.121-b13 mixed mode windows-x86 )
Heap:
 def new generation   total 40128K, used 29339K [0x04a00000, 0x07580000, 0x09f50000)
  eden space 35712K,  76% used [0x04a00000, 0x064c0448, 0x06ce0000)
  from space 4416K,  44% used [0x06ce0000, 0x06ec67d0, 0x07130000)
  to   space 4416K,   0% used [0x07130000, 0x07130000, 0x07580000)
 tenured generation   total 89016K, used 63605K [0x09f50000, 0x0f63e000, 0x14a00000)
   the space 89016K,  71% used [0x09f50000, 0x0dd6d4c8, 0x0dd6d600, 0x0f63e000)
 Metaspace       used 33886K, capacity 34375K, committed 34432K, reserved 35200K
GC Heap History (10 events):
Event: 810.073 GC heap before
{Heap before GC invocations=191 (full 10):
 def new generation   total 40128K, used 38799K [0x04a00000, 0x07580000, 0x09f50000)
  eden space 35712K, 100% used [0x04a00000, 0x06ce0000, 0x06ce0000)
  from space 4416K,  69% used [0x07130000, 0x07433e48, 0x07580000)
  to   space 4416K,   0% used [0x06ce0000, 0x06ce0000, 0x07130000)
 tenured generation   total 89016K, used 53409K [0x09f50000, 0x0f63e000, 0x14a00000)
   the space 89016K,  59% used [0x09f50000, 0x0d378640, 0x0d378800, 0x0f63e000)
 Metaspace       used 33611K, capacity 34081K, committed 34176K, reserved 34176K
Event: 810.096 GC heap after
Heap after GC invocations=192 (full 10):
 def new generation   total 40128K, used 2063K [0x04a00000, 0x07580000, 0x09f50000)
  eden space 35712K,   0% used [0x04a00000, 0x04a00000, 0x06ce0000)
  from space 4416K,  46% used [0x06ce0000, 0x06ee3d68, 0x07130000)
  to   space 4416K,   0% used [0x07130000, 0x07130000, 0x07580000)
 tenured generation   total 89016K, used 54586K [0x09f50000, 0x0f63e000, 0x14a00000)
   the space 89016K,  61% used [0x09f50000, 0x0d49eb30, 0x0d49ec00, 0x0f63e000)
 Metaspace       used 33611K, capacity 34081K, committed 34176K, reserved 34176K
}
Event: 810.688 GC heap before
{Heap before GC invocations=192 (full 10):
 def new generation   total 40128K, used 37775K [0x04a00000, 0x07580000, 0x09f50000)
  eden space 35712K, 100% used [0x04a00000, 0x06ce0000, 0x06ce0000)
  from space 4416K,  46% used [0x06ce0000, 0x06ee3d68, 0x07130000)
  to   space 4416K,   0% used [0x07130000, 0x07130000, 0x07580000)
 tenured generation   total 89016K, used 54586K [0x09f50000, 0x0f63e000, 0x14a00000)
   the space 89016K,  61% used [0x09f50000, 0x0d49eb30, 0x0d49ec00, 0x0f63e000)
 Metaspace       used 33618K, capacity 34091K, committed 34176K, reserved 34176K
Event: 810.713 GC heap after
Heap after GC invocations=193 (full 10):
 def new generation   total 40128K, used 2863K [0x04a00000, 0x07580000, 0x09f50000)
  eden space 35712K,   0% used [0x04a00000, 0x04a00000, 0x06ce0000)
  from space 4416K,  64% used [0x07130000, 0x073fbf40, 0x07580000)
  to   space 4416K,   0% used [0x06ce0000, 0x06ce0000, 0x07130000)
 tenured generation   total 89016K, used 54586K [0x09f50000, 0x0f63e000, 0x14a00000)
   the space 89016K,  61% used [0x09f50000, 0x0d49eb30, 0x0d49ec00, 0x0f63e000)
 Metaspace       used 33618K, capacity 34091K, committed 34176K, reserved 34176K
}
Event: 812.055 GC heap before
{Heap before GC invocations=193 (full 10):
 def new generation   total 40128K, used 38575K [0x04a00000, 0x07580000, 0x09f50000)
  eden space 35712K, 100% used [0x04a00000, 0x06ce0000, 0x06ce0000)
  from space 4416K,  64% used [0x07130000, 0x073fbf40, 0x07580000)
  to   space 4416K,   0% used [0x06ce0000, 0x06ce0000, 0x07130000)
 tenured generation   total 89016K, used 54586K [0x09f50000, 0x0f63e000, 0x14a00000)
   the space 89016K,  61% used [0x09f50000, 0x0d49eb30, 0x0d49ec00, 0x0f63e000)
 Metaspace       used 33725K, capacity 34204K, committed 34304K, reserved 35200K
Event: 812.090 GC heap after
Heap after GC invocations=194 (full 10):
 def new generation   total 40128K, used 4194K [0x04a00000, 0x07580000, 0x09f50000)
  eden space 35712K,   0% used [0x04a00000, 0x04a00000, 0x06ce0000)
  from space 4416K,  94% used [0x06ce0000, 0x070f8838, 0x07130000)
  to   space 4416K,   0% used [0x07130000, 0x07130000, 0x07580000)
 tenured generation   total 89016K, used 56360K [0x09f50000, 0x0f63e000, 0x14a00000)
   the space 89016K,  63% used [0x09f50000, 0x0d65a008, 0x0d65a200, 0x0f63e000)
 Metaspace       used 33725K, capacity 34204K, committed 34304K, reserved 35200K
}
Event: 813.634 GC heap before
{Heap before GC invocations=194 (full 10):
 def new generation   total 40128K, used 39906K [0x04a00000, 0x07580000, 0x09f50000)
  eden space 35712K, 100% used [0x04a00000, 0x06ce0000, 0x06ce0000)
  from space 4416K,  94% used [0x06ce0000, 0x070f8838, 0x07130000)
  to   space 4416K,   0% used [0x07130000, 0x07130000, 0x07580000)
 tenured generation   total 89016K, used 56360K [0x09f50000, 0x0f63e000, 0x14a00000)
   the space 89016K,  63% used [0x09f50000, 0x0d65a008, 0x0d65a200, 0x0f63e000)
 Metaspace       used 33834K, capacity 34315K, committed 34432K, reserved 35200K
Event: 813.689 GC heap after
Heap after GC invocations=195 (full 10):
 def new generation   total 40128K, used 3412K [0x04a00000, 0x07580000, 0x09f50000)
  eden space 35712K,   0% used [0x04a00000, 0x04a00000, 0x06ce0000)
  from space 4416K,  77% used [0x07130000, 0x07485180, 0x07580000)
  to   space 4416K,   0% used [0x06ce0000, 0x06ce0000, 0x07130000)
 tenured generation   total 89016K, used 60369K [0x09f50000, 0x0f63e000, 0x14a00000)
   the space 89016K,  67% used [0x09f50000, 0x0da44740, 0x0da44800, 0x0f63e000)
 Metaspace       used 33834K, capacity 34315K, committed 34432K, reserved 35200K
}
Event: 815.690 GC heap before
{Heap before GC invocations=195 (full 10):
 def new generation   total 40128K, used 39124K [0x04a00000, 0x07580000, 0x09f50000)
  eden space 35712K, 100% used [0x04a00000, 0x06ce0000, 0x06ce0000)
  from space 4416K,  77% used [0x07130000, 0x07485180, 0x07580000)
  to   space 4416K,   0% used [0x06ce0000, 0x06ce0000, 0x07130000)
 tenured generation   total 89016K, used 60369K [0x09f50000, 0x0f63e000, 0x14a00000)
   the space 89016K,  67% used [0x09f50000, 0x0da44740, 0x0da44800, 0x0f63e000)
 Metaspace       used 33837K, capacity 34320K, committed 34432K, reserved 35200K
Event: 815.733 GC heap after
Heap after GC invocations=196 (full 10):
 def new generation   total 40128K, used 1945K [0x04a00000, 0x07580000, 0x09f50000)
  eden space 35712K,   0% used [0x04a00000, 0x04a00000, 0x06ce0000)
  from space 4416K,  44% used [0x06ce0000, 0x06ec67d0, 0x07130000)
  to   space 4416K,   0% used [0x07130000, 0x07130000, 0x07580000)
 tenured generation   total 89016K, used 63605K [0x09f50000, 0x0f63e000, 0x14a00000)
   the space 89016K,  71% used [0x09f50000, 0x0dd6d4c8, 0x0dd6d600, 0x0f63e000)
 Metaspace       used 33837K, capacity 34320K, committed 34432K, reserved 35200K
}

